<?xml version="1.0" encoding="UTF-8"?>
<!-- Generated by org.testng.reporters.JUnitXMLReporter -->
<testsuite hostname="Bharath" ignored="0" name="Surefire test" tests="13" failures="0" timestamp="2020-04-19T10:16:47 IST" time="462.901" errors="0">
  <testcase name="verifyNewContactLabelTest" time="0.406" classname="com.qa.testcases.ContactsPageTest"/>
  <testcase name="verifyclickOnNewContactLink" time="0.198" classname="com.qa.testcases.ContactsPageTest"/>
  <testcase name="verifycreateNewContact" time="3.468" classname="com.qa.testcases.ContactsPageTest"/>
  <testcase name="verifyHomePageTitleTest" time="0.012" classname="com.qa.testcases.HomePageTest"/>
  <testcase name="clickOnDealsPageLinkTest" time="3.099" classname="com.qa.testcases.HomePageTest"/>
  <testcase name="clickOnContactsPageLinkTest" time="3.351" classname="com.qa.testcases.HomePageTest"/>
  <testcase name="clickOnCalenderPageLink" time="4.793" classname="com.qa.testcases.HomePageTest"/>
  <testcase name="clickOnTasksPageLink" time="2.654" classname="com.qa.testcases.HomePageTest"/>
  <testcase name="clickOnCasesPageLink" time="3.141" classname="com.qa.testcases.HomePageTest"/>
  <testcase name="verifyuserNameLabelTest" time="2.088" classname="com.qa.testcases.HomePageTest"/>
  <testcase name="loginPageTitleTest" time="0.488" classname="com.qa.testcases.LoginPageTest"/>
  <testcase name="loginTest" time="11.164" classname="com.qa.testcases.LoginPageTest"/>
  <testcase name="signUpPageTest" time="6.012" classname="com.qa.testcases.LoginPageTest"/>
</testsuite> <!-- Surefire test -->
