<?xml version="1.0" encoding="UTF-8"?>
<!-- Generated by org.testng.reporters.JUnitXMLReporter -->
<testsuite hostname="Bharath" ignored="0" name="Default test" tests="3" failures="0" timestamp="2020-04-18T10:01:38 IST" time="67.982" errors="0">
  <testcase name="loginPageTitleTest" time="0.525" classname="com.qa.testcases.LoginPageTest"/>
  <testcase name="loginTest" time="9.96" classname="com.qa.testcases.LoginPageTest"/>
  <testcase name="signUpPageTest" time="3.615" classname="com.qa.testcases.LoginPageTest"/>
</testsuite> <!-- Default test -->
