<?xml version="1.0" encoding="UTF-8"?>
<testsuite xmlns:xsi="http://www.w3.org/2001/XMLSchema-instance" xsi:noNamespaceSchemaLocation="https://maven.apache.org/surefire/maven-surefire-plugin/xsd/surefire-test-report.xsd" name="TestSuite" time="389.67" tests="13" errors="0" skipped="0" failures="1">
  <properties>
[...]
</properties>
  <testcase name="verifyNewContactLabelTest" classname="com.qa.testcases.ContactsPageTest" time="0.293"/>
  <testcase name="verifyclickOnNewContactLink" classname="com.qa.testcases.ContactsPageTest" time="0.275"/>
  <testcase name="verifycreateNewContact" classname="com.qa.testcases.ContactsPageTest" time="31.421">
    <failure message="no such element: Unable to locate element: {&quot;method&quot;:&quot;xpath&quot;,&quot;selector&quot;:&quot;//input[@name=&apos;first_name&apos;]&quot;}&#10;  (Session info: chrome=80.0.3987.163)&#10;  (Driver info: chromedriver=2.44.609538 (b655c5a60b0b544917107a59d4153d4bf78e1b90),platform=Windows NT 10.0.18362 x86_64) (WARNING: The server did not provide any stacktrace information)&#10;Command duration or timeout: 0 milliseconds&#10;For documentation on this error, please visit: https://selenium.dev/exceptions/#no_such_element&#10;Build info: version: &apos;4.0.0-alpha-5&apos;, revision: &apos;b3a0d621cc&apos;&#10;System info: host: &apos;BHARATH&apos;, ip: &apos;192.168.0.6&apos;, os.name: &apos;Windows 10&apos;, os.arch: &apos;amd64&apos;, os.version: &apos;10.0&apos;, java.version: &apos;1.8.0_131&apos;&#10;Driver info: org.openqa.selenium.chrome.ChromeDriver&#10;Capabilities {acceptInsecureCerts: false, acceptSslCerts: false, applicationCacheEnabled: false, browserConnectionEnabled: false, browserName: chrome, chrome: {chromedriverVersion: 2.44.609538 (b655c5a60b0b54..., userDataDir: C:\Users\DELL\AppData\Local...}, cssSelectorsEnabled: true, databaseEnabled: false, goog:chromeOptions: {debuggerAddress: localhost:54913}, handlesAlerts: true, hasTouchScreen: false, javascriptEnabled: true, locationContextEnabled: true, mobileEmulationEnabled: false, nativeEvents: true, networkConnectionEnabled: false, pageLoadStrategy: normal, platform: XP, platformName: XP, rotatable: false, setWindowRect: true, takesHeapSnapshot: true, takesScreenshot: true, unexpectedAlertBehaviour: ignore, unhandledPromptBehavior: ignore, version: 80.0.3987.163, webStorageEnabled: true}&#10;Session ID: d9b3572d4d049fb62328ae4f0631a967&#10;*** Element info: {Using=xpath, value=//input[@name=&apos;first_name&apos;]}" type="org.openqa.selenium.NoSuchElementException">org.openqa.selenium.NoSuchElementException: 
no such element: Unable to locate element: {"method":"xpath","selector":"//input[@name='first_name']"}
  (Session info: chrome=80.0.3987.163)
  (Driver info: chromedriver=2.44.609538 (b655c5a60b0b544917107a59d4153d4bf78e1b90),platform=Windows NT 10.0.18362 x86_64) (WARNING: The server did not provide any stacktrace information)
Command duration or timeout: 0 milliseconds
For documentation on this error, please visit: https://selenium.dev/exceptions/#no_such_element
Build info: version: '4.0.0-alpha-5', revision: 'b3a0d621cc'
System info: host: 'BHARATH', ip: '192.168.0.6', os.name: 'Windows 10', os.arch: 'amd64', os.version: '10.0', java.version: '1.8.0_131'
Driver info: org.openqa.selenium.chrome.ChromeDriver
Capabilities {acceptInsecureCerts: false, acceptSslCerts: false, applicationCacheEnabled: false, browserConnectionEnabled: false, browserName: chrome, chrome: {chromedriverVersion: 2.44.609538 (b655c5a60b0b54..., userDataDir: C:\Users\DELL\AppData\Local...}, cssSelectorsEnabled: true, databaseEnabled: false, goog:chromeOptions: {debuggerAddress: localhost:54913}, handlesAlerts: true, hasTouchScreen: false, javascriptEnabled: true, locationContextEnabled: true, mobileEmulationEnabled: false, nativeEvents: true, networkConnectionEnabled: false, pageLoadStrategy: normal, platform: XP, platformName: XP, rotatable: false, setWindowRect: true, takesHeapSnapshot: true, takesScreenshot: true, unexpectedAlertBehaviour: ignore, unhandledPromptBehavior: ignore, version: 80.0.3987.163, webStorageEnabled: true}
Session ID: d9b3572d4d049fb62328ae4f0631a967
*** Element info: {Using=xpath, value=//input[@name='first_name']}
	at com.qa.testcases.ContactsPageTest.verifycreateNewContact(ContactsPageTest.java:52)
</failure>
    <system-out><![CDATA[Before navigating to: 'https://freecrm.co.in/'
Navigated to:'https://freecrm.co.in/'
Trying to find Element By : By.xpath: //span[text()='Log In']
Found Element By : By.xpath: //span[text()='Log In']
Trying to click on: [[ChromeDriver: chrome on XP (d9b3572d4d049fb62328ae4f0631a967)] -> xpath: //span[text()='Log In']]
Clicked on: [[ChromeDriver: chrome on XP (d9b3572d4d049fb62328ae4f0631a967)] -> xpath: //span[text()='Log In']]
Trying to find Element By : By.xpath: //input[@name='email']
Found Element By : By.xpath: //input[@name='email']
Trying to find Element By : By.xpath: //input[@name='password']
Found Element By : By.xpath: //input[@name='password']
Trying to find Element By : By.xpath: //div[contains(@class,'ui fluid large blue submit button')]
Found Element By : By.xpath: //div[contains(@class,'ui fluid large blue submit button')]
Trying to click on: [[ChromeDriver: chrome on XP (d9b3572d4d049fb62328ae4f0631a967)] -> xpath: //div[contains(@class,'ui fluid large blue submit button')]]
Clicked on: [[ChromeDriver: chrome on XP (d9b3572d4d049fb62328ae4f0631a967)] -> xpath: //div[contains(@class,'ui fluid large blue submit button')]]
Trying to find Element By : By.xpath: //span[contains(text(),'Contacts')]
Found Element By : By.xpath: //span[contains(text(),'Contacts')]
Trying to click on: [[ChromeDriver: chrome on XP (d9b3572d4d049fb62328ae4f0631a967)] -> xpath: //span[contains(text(),'Contacts')]]
Clicked on: [[ChromeDriver: chrome on XP (d9b3572d4d049fb62328ae4f0631a967)] -> xpath: //span[contains(text(),'Contacts')]]
Trying to find Element By : By.xpath: //span[contains(text(),'Contacts')]
Found Element By : By.xpath: //span[contains(text(),'Contacts')]
Trying to click on: [[ChromeDriver: chrome on XP (d9b3572d4d049fb62328ae4f0631a967)] -> xpath: //span[contains(text(),'Contacts')]]
Clicked on: [[ChromeDriver: chrome on XP (d9b3572d4d049fb62328ae4f0631a967)] -> xpath: //span[contains(text(),'Contacts')]]
Trying to find Element By : By.xpath: //a//button[@class='ui linkedin button']
Found Element By : By.xpath: //a//button[@class='ui linkedin button']
Trying to click on: [[ChromeDriver: chrome on XP (d9b3572d4d049fb62328ae4f0631a967)] -> xpath: //a//button[@class='ui linkedin button']]
Clicked on: [[ChromeDriver: chrome on XP (d9b3572d4d049fb62328ae4f0631a967)] -> xpath: //a//button[@class='ui linkedin button']]
Trying to find Element By : By.xpath: //input[@name='first_name']
Exception occured: org.openqa.selenium.NoSuchElementException: no such element: Unable to locate element: {"method":"xpath","selector":"//input[@name='first_name']"}
  (Session info: chrome=80.0.3987.163)
  (Driver info: chromedriver=2.44.609538 (b655c5a60b0b544917107a59d4153d4bf78e1b90),platform=Windows NT 10.0.18362 x86_64) (WARNING: The server did not provide any stacktrace information)
Command duration or timeout: 0 milliseconds
For documentation on this error, please visit: https://selenium.dev/exceptions/#no_such_element
Build info: version: '4.0.0-alpha-5', revision: 'b3a0d621cc'
System info: host: 'BHARATH', ip: '192.168.0.6', os.name: 'Windows 10', os.arch: 'amd64', os.version: '10.0', java.version: '1.8.0_131'
Driver info: org.openqa.selenium.chrome.ChromeDriver
Capabilities {acceptInsecureCerts: false, acceptSslCerts: false, applicationCacheEnabled: false, browserConnectionEnabled: false, browserName: chrome, chrome: {chromedriverVersion: 2.44.609538 (b655c5a60b0b54..., userDataDir: C:\Users\DELL\AppData\Local...}, cssSelectorsEnabled: true, databaseEnabled: false, goog:chromeOptions: {debuggerAddress: localhost:54913}, handlesAlerts: true, hasTouchScreen: false, javascriptEnabled: true, locationContextEnabled: true, mobileEmulationEnabled: false, nativeEvents: true, networkConnectionEnabled: false, pageLoadStrategy: normal, platform: XP, platformName: XP, rotatable: false, setWindowRect: true, takesHeapSnapshot: true, takesScreenshot: true, unexpectedAlertBehaviour: ignore, unhandledPromptBehavior: ignore, version: 80.0.3987.163, webStorageEnabled: true}
Session ID: d9b3572d4d049fb62328ae4f0631a967
*** Element info: {Using=xpath, value=//input[@name='first_name']}
]]></system-out>
    <system-err><![CDATA[Starting ChromeDriver 2.44.609538 (b655c5a60b0b544917107a59d4153d4bf78e1b90) on port 41327
Only local connections are allowed.
[1587182970.934][WARNING]: Timed out connecting to Chrome, retrying...
Apr 18, 2020 9:39:32 AM org.openqa.selenium.remote.ProtocolHandshake createSession
INFO: Detected dialect: OSS
[1587182974.981][WARNING]: Timed out connecting to Chrome, retrying...
]]></system-err>
  </testcase>
  <testcase name="verifyHomePageTitleTest" classname="com.qa.testcases.HomePageTest" time="0.007"/>
  <testcase name="clickOnDealsPageLinkTest" classname="com.qa.testcases.HomePageTest" time="2.51"/>
  <testcase name="clickOnContactsPageLinkTest" classname="com.qa.testcases.HomePageTest" time="2.411"/>
  <testcase name="clickOnCalenderPageLink" classname="com.qa.testcases.HomePageTest" time="2.526"/>
  <testcase name="clickOnTasksPageLink" classname="com.qa.testcases.HomePageTest" time="2.386"/>
  <testcase name="clickOnCasesPageLink" classname="com.qa.testcases.HomePageTest" time="2.563"/>
  <testcase name="verifyuserNameLabelTest" classname="com.qa.testcases.HomePageTest" time="2.963"/>
  <testcase name="loginPageTitleTest" classname="com.qa.testcases.LoginPageTest" time="0.454"/>
  <testcase name="loginTest" classname="com.qa.testcases.LoginPageTest" time="13.235"/>
  <testcase name="signUpPageTest" classname="com.qa.testcases.LoginPageTest" time="3.218"/>
</testsuite>