<?xml version="1.0" encoding="UTF-8"?>
<testng-results skipped="0" failed="1" ignored="0" total="13" passed="12">
  <reporter-output>
  </reporter-output>
  <suite name="Surefire suite" duration-ms="387900" started-at="2020-04-18T09:38:23 IST" finished-at="2020-04-18T09:44:50 IST">
    <groups>
    </groups>
    <test name="Surefire test" duration-ms="387900" started-at="2020-04-18T09:38:23 IST" finished-at="2020-04-18T09:44:50 IST">
      <class name="com.qa.testcases.ContactsPageTest">
        <test-method status="PASS" signature="setUp()[pri:0, instance:com.qa.testcases.ContactsPageTest@627551fb]" name="setUp" is-config="true" duration-ms="32301" started-at="2020-04-18T09:38:23 IST" finished-at="2020-04-18T09:38:55 IST">
          <reporter-output>
          </reporter-output>
        </test-method> <!-- setUp -->
        <test-method status="PASS" signature="verifyNewContactLabelTest()[pri:1, instance:com.qa.testcases.ContactsPageTest@627551fb]" name="verifyNewContactLabelTest" duration-ms="314" started-at="2020-04-18T09:38:55 IST" finished-at="2020-04-18T09:38:55 IST">
          <reporter-output>
          </reporter-output>
        </test-method> <!-- verifyNewContactLabelTest -->
        <test-method status="PASS" signature="tearDown()[pri:0, instance:com.qa.testcases.ContactsPageTest@627551fb]" name="tearDown" is-config="true" duration-ms="978" started-at="2020-04-18T09:38:55 IST" finished-at="2020-04-18T09:38:56 IST">
          <reporter-output>
          </reporter-output>
        </test-method> <!-- tearDown -->
        <test-method status="PASS" signature="setUp()[pri:0, instance:com.qa.testcases.ContactsPageTest@627551fb]" name="setUp" is-config="true" duration-ms="27997" started-at="2020-04-18T09:38:56 IST" finished-at="2020-04-18T09:39:24 IST">
          <reporter-output>
          </reporter-output>
        </test-method> <!-- setUp -->
        <test-method status="PASS" signature="verifyclickOnNewContactLink()[pri:2, instance:com.qa.testcases.ContactsPageTest@627551fb]" name="verifyclickOnNewContactLink" duration-ms="278" started-at="2020-04-18T09:39:24 IST" finished-at="2020-04-18T09:39:24 IST">
          <reporter-output>
          </reporter-output>
        </test-method> <!-- verifyclickOnNewContactLink -->
        <test-method status="PASS" signature="tearDown()[pri:0, instance:com.qa.testcases.ContactsPageTest@627551fb]" name="tearDown" is-config="true" duration-ms="865" started-at="2020-04-18T09:39:24 IST" finished-at="2020-04-18T09:39:25 IST">
          <reporter-output>
          </reporter-output>
        </test-method> <!-- tearDown -->
        <test-method status="PASS" signature="setUp()[pri:0, instance:com.qa.testcases.ContactsPageTest@627551fb]" name="setUp" is-config="true" duration-ms="27792" started-at="2020-04-18T09:39:25 IST" finished-at="2020-04-18T09:39:53 IST">
          <reporter-output>
          </reporter-output>
        </test-method> <!-- setUp -->
        <test-method status="FAIL" signature="verifycreateNewContact()[pri:3, instance:com.qa.testcases.ContactsPageTest@627551fb]" name="verifycreateNewContact" duration-ms="31403" started-at="2020-04-18T09:39:53 IST" finished-at="2020-04-18T09:40:25 IST">
          <exception class="org.openqa.selenium.NoSuchElementException">
            <message>
              <![CDATA[no such element: Unable to locate element: {"method":"xpath","selector":"//input[@name='first_name']"}
  (Session info: chrome=80.0.3987.163)
  (Driver info: chromedriver=2.44.609538 (b655c5a60b0b544917107a59d4153d4bf78e1b90),platform=Windows NT 10.0.18362 x86_64) (WARNING: The server did not provide any stacktrace information)
Command duration or timeout: 0 milliseconds
For documentation on this error, please visit: https://selenium.dev/exceptions/#no_such_element
Build info: version: '4.0.0-alpha-5', revision: 'b3a0d621cc'
System info: host: 'BHARATH', ip: '192.168.0.6', os.name: 'Windows 10', os.arch: 'amd64', os.version: '10.0', java.version: '1.8.0_131'
Driver info: org.openqa.selenium.chrome.ChromeDriver
Capabilities {acceptInsecureCerts: false, acceptSslCerts: false, applicationCacheEnabled: false, browserConnectionEnabled: false, browserName: chrome, chrome: {chromedriverVersion: 2.44.609538 (b655c5a60b0b54..., userDataDir: C:\Users\DELL\AppData\Local...}, cssSelectorsEnabled: true, databaseEnabled: false, goog:chromeOptions: {debuggerAddress: localhost:54913}, handlesAlerts: true, hasTouchScreen: false, javascriptEnabled: true, locationContextEnabled: true, mobileEmulationEnabled: false, nativeEvents: true, networkConnectionEnabled: false, pageLoadStrategy: normal, platform: XP, platformName: XP, rotatable: false, setWindowRect: true, takesHeapSnapshot: true, takesScreenshot: true, unexpectedAlertBehaviour: ignore, unhandledPromptBehavior: ignore, version: 80.0.3987.163, webStorageEnabled: true}
Session ID: d9b3572d4d049fb62328ae4f0631a967
*** Element info: {Using=xpath, value=//input[@name='first_name']}]]>
            </message>
            <full-stacktrace>
              <![CDATA[org.openqa.selenium.NoSuchElementException: no such element: Unable to locate element: {"method":"xpath","selector":"//input[@name='first_name']"}
  (Session info: chrome=80.0.3987.163)
  (Driver info: chromedriver=2.44.609538 (b655c5a60b0b544917107a59d4153d4bf78e1b90),platform=Windows NT 10.0.18362 x86_64) (WARNING: The server did not provide any stacktrace information)
Command duration or timeout: 0 milliseconds
For documentation on this error, please visit: https://selenium.dev/exceptions/#no_such_element
Build info: version: '4.0.0-alpha-5', revision: 'b3a0d621cc'
System info: host: 'BHARATH', ip: '192.168.0.6', os.name: 'Windows 10', os.arch: 'amd64', os.version: '10.0', java.version: '1.8.0_131'
Driver info: org.openqa.selenium.chrome.ChromeDriver
Capabilities {acceptInsecureCerts: false, acceptSslCerts: false, applicationCacheEnabled: false, browserConnectionEnabled: false, browserName: chrome, chrome: {chromedriverVersion: 2.44.609538 (b655c5a60b0b54..., userDataDir: C:\Users\DELL\AppData\Local...}, cssSelectorsEnabled: true, databaseEnabled: false, goog:chromeOptions: {debuggerAddress: localhost:54913}, handlesAlerts: true, hasTouchScreen: false, javascriptEnabled: true, locationContextEnabled: true, mobileEmulationEnabled: false, nativeEvents: true, networkConnectionEnabled: false, pageLoadStrategy: normal, platform: XP, platformName: XP, rotatable: false, setWindowRect: true, takesHeapSnapshot: true, takesScreenshot: true, unexpectedAlertBehaviour: ignore, unhandledPromptBehavior: ignore, version: 80.0.3987.163, webStorageEnabled: true}
Session ID: d9b3572d4d049fb62328ae4f0631a967
*** Element info: {Using=xpath, value=//input[@name='first_name']}
at sun.reflect.NativeConstructorAccessorImpl.newInstance0(Native Method)
at sun.reflect.NativeConstructorAccessorImpl.newInstance(NativeConstructorAccessorImpl.java:62)
at sun.reflect.DelegatingConstructorAccessorImpl.newInstance(DelegatingConstructorAccessorImpl.java:45)
at java.lang.reflect.Constructor.newInstance(Constructor.java:423)
at org.openqa.selenium.remote.ErrorHandler.createThrowable(ErrorHandler.java:217)
at org.openqa.selenium.remote.ErrorHandler.throwIfResponseFailed(ErrorHandler.java:169)
at org.openqa.selenium.remote.codec.jwp.JsonHttpResponseCodec.reconstructValue(JsonHttpResponseCodec.java:41)
at org.openqa.selenium.remote.codec.AbstractHttpResponseCodec.decode(AbstractHttpResponseCodec.java:83)
at org.openqa.selenium.remote.codec.AbstractHttpResponseCodec.decode(AbstractHttpResponseCodec.java:47)
at org.openqa.selenium.remote.HttpCommandExecutor.execute(HttpCommandExecutor.java:161)
at org.openqa.selenium.remote.service.DriverCommandExecutor.execute(DriverCommandExecutor.java:83)
at org.openqa.selenium.remote.RemoteWebDriver.execute(RemoteWebDriver.java:582)
at org.openqa.selenium.remote.RemoteWebDriver.findElement(RemoteWebDriver.java:333)
at org.openqa.selenium.remote.RemoteWebDriver.findElementByXPath(RemoteWebDriver.java:451)
at org.openqa.selenium.By$ByXPath.findElement(By.java:394)
at org.openqa.selenium.remote.RemoteWebDriver.findElement(RemoteWebDriver.java:325)
at sun.reflect.GeneratedMethodAccessor10.invoke(Unknown Source)
at sun.reflect.DelegatingMethodAccessorImpl.invoke(DelegatingMethodAccessorImpl.java:43)
at java.lang.reflect.Method.invoke(Method.java:498)
at org.openqa.selenium.support.events.EventFiringWebDriver.lambda$new$1(EventFiringWebDriver.java:106)
at com.sun.proxy.$Proxy9.findElement(Unknown Source)
at org.openqa.selenium.support.events.EventFiringWebDriver.findElement(EventFiringWebDriver.java:195)
at org.openqa.selenium.support.pagefactory.DefaultElementLocator.findElement(DefaultElementLocator.java:70)
at org.openqa.selenium.support.pagefactory.internal.LocatingElementHandler.invoke(LocatingElementHandler.java:39)
at com.sun.proxy.$Proxy13.sendKeys(Unknown Source)
at com.qa.pages.ContactsPage.createNewContact(ContactsPage.java:54)
at com.qa.testcases.ContactsPageTest.verifycreateNewContact(ContactsPageTest.java:52)
at sun.reflect.NativeMethodAccessorImpl.invoke0(Native Method)
at sun.reflect.NativeMethodAccessorImpl.invoke(NativeMethodAccessorImpl.java:62)
at sun.reflect.DelegatingMethodAccessorImpl.invoke(DelegatingMethodAccessorImpl.java:43)
at java.lang.reflect.Method.invoke(Method.java:498)
at org.testng.internal.MethodInvocationHelper.invokeMethod(MethodInvocationHelper.java:134)
at org.testng.internal.TestInvoker.invokeMethod(TestInvoker.java:597)
at org.testng.internal.TestInvoker.invokeTestMethod(TestInvoker.java:173)
at org.testng.internal.MethodRunner.runInSequence(MethodRunner.java:46)
at org.testng.internal.TestInvoker$MethodInvocationAgent.invoke(TestInvoker.java:816)
at org.testng.internal.TestInvoker.invokeTestMethods(TestInvoker.java:146)
at org.testng.internal.TestMethodWorker.invokeTestMethods(TestMethodWorker.java:146)
at org.testng.internal.TestMethodWorker.run(TestMethodWorker.java:128)
at java.util.ArrayList.forEach(ArrayList.java:1249)
at org.testng.TestRunner.privateRun(TestRunner.java:766)
at org.testng.TestRunner.run(TestRunner.java:587)
at org.testng.SuiteRunner.runTest(SuiteRunner.java:384)
at org.testng.SuiteRunner.runSequentially(SuiteRunner.java:378)
at org.testng.SuiteRunner.privateRun(SuiteRunner.java:337)
at org.testng.SuiteRunner.run(SuiteRunner.java:286)
at org.testng.SuiteRunnerWorker.runSuite(SuiteRunnerWorker.java:53)
at org.testng.SuiteRunnerWorker.run(SuiteRunnerWorker.java:96)
at org.testng.TestNG.runSuitesSequentially(TestNG.java:1187)
at org.testng.TestNG.runSuitesLocally(TestNG.java:1109)
at org.testng.TestNG.runSuites(TestNG.java:1039)
at org.testng.TestNG.run(TestNG.java:1007)
at org.apache.maven.surefire.testng.TestNGExecutor.run(TestNGExecutor.java:135)
at org.apache.maven.surefire.testng.TestNGDirectoryTestSuite.executeMulti(TestNGDirectoryTestSuite.java:193)
at org.apache.maven.surefire.testng.TestNGDirectoryTestSuite.execute(TestNGDirectoryTestSuite.java:94)
at org.apache.maven.surefire.testng.TestNGProvider.invoke(TestNGProvider.java:146)
at org.apache.maven.surefire.booter.ForkedBooter.invokeProviderInSameClassLoader(ForkedBooter.java:384)
at org.apache.maven.surefire.booter.ForkedBooter.runSuitesInProcess(ForkedBooter.java:345)
at org.apache.maven.surefire.booter.ForkedBooter.execute(ForkedBooter.java:126)
at org.apache.maven.surefire.booter.ForkedBooter.main(ForkedBooter.java:418)
]]>
            </full-stacktrace>
          </exception> <!-- org.openqa.selenium.NoSuchElementException -->
          <reporter-output>
          </reporter-output>
        </test-method> <!-- verifycreateNewContact -->
        <test-method status="PASS" signature="tearDown()[pri:0, instance:com.qa.testcases.ContactsPageTest@627551fb]" name="tearDown" is-config="true" duration-ms="845" started-at="2020-04-18T09:40:25 IST" finished-at="2020-04-18T09:40:25 IST">
          <reporter-output>
          </reporter-output>
        </test-method> <!-- tearDown -->
      </class> <!-- com.qa.testcases.ContactsPageTest -->
      <class name="com.qa.testcases.HomePageTest">
        <test-method status="PASS" signature="setUp()[pri:0, instance:com.qa.testcases.HomePageTest@2b552920]" name="setUp" is-config="true" duration-ms="24891" started-at="2020-04-18T09:40:25 IST" finished-at="2020-04-18T09:40:50 IST">
          <reporter-output>
          </reporter-output>
        </test-method> <!-- setUp -->
        <test-method status="PASS" signature="verifyHomePageTitleTest()[pri:1, instance:com.qa.testcases.HomePageTest@2b552920]" name="verifyHomePageTitleTest" duration-ms="13" started-at="2020-04-18T09:40:50 IST" finished-at="2020-04-18T09:40:50 IST">
          <reporter-output>
          </reporter-output>
        </test-method> <!-- verifyHomePageTitleTest -->
        <test-method status="PASS" signature="tearDown()[pri:0, instance:com.qa.testcases.HomePageTest@2b552920]" name="tearDown" is-config="true" duration-ms="830" started-at="2020-04-18T09:40:50 IST" finished-at="2020-04-18T09:40:51 IST">
          <reporter-output>
          </reporter-output>
        </test-method> <!-- tearDown -->
        <test-method status="PASS" signature="setUp()[pri:0, instance:com.qa.testcases.HomePageTest@2b552920]" name="setUp" is-config="true" duration-ms="24799" started-at="2020-04-18T09:40:51 IST" finished-at="2020-04-18T09:41:16 IST">
          <reporter-output>
          </reporter-output>
        </test-method> <!-- setUp -->
        <test-method status="PASS" signature="clickOnDealsPageLinkTest()[pri:2, instance:com.qa.testcases.HomePageTest@2b552920]" name="clickOnDealsPageLinkTest" duration-ms="2450" started-at="2020-04-18T09:41:16 IST" finished-at="2020-04-18T09:41:18 IST">
          <reporter-output>
          </reporter-output>
        </test-method> <!-- clickOnDealsPageLinkTest -->
        <test-method status="PASS" signature="tearDown()[pri:0, instance:com.qa.testcases.HomePageTest@2b552920]" name="tearDown" is-config="true" duration-ms="1029" started-at="2020-04-18T09:41:18 IST" finished-at="2020-04-18T09:41:19 IST">
          <reporter-output>
          </reporter-output>
        </test-method> <!-- tearDown -->
        <test-method status="PASS" signature="setUp()[pri:0, instance:com.qa.testcases.HomePageTest@2b552920]" name="setUp" is-config="true" duration-ms="24371" started-at="2020-04-18T09:41:19 IST" finished-at="2020-04-18T09:41:44 IST">
          <reporter-output>
          </reporter-output>
        </test-method> <!-- setUp -->
        <test-method status="PASS" signature="clickOnContactsPageLinkTest()[pri:3, instance:com.qa.testcases.HomePageTest@2b552920]" name="clickOnContactsPageLinkTest" duration-ms="2402" started-at="2020-04-18T09:41:44 IST" finished-at="2020-04-18T09:41:46 IST">
          <reporter-output>
          </reporter-output>
        </test-method> <!-- clickOnContactsPageLinkTest -->
        <test-method status="PASS" signature="tearDown()[pri:0, instance:com.qa.testcases.HomePageTest@2b552920]" name="tearDown" is-config="true" duration-ms="929" started-at="2020-04-18T09:41:46 IST" finished-at="2020-04-18T09:41:47 IST">
          <reporter-output>
          </reporter-output>
        </test-method> <!-- tearDown -->
        <test-method status="PASS" signature="setUp()[pri:0, instance:com.qa.testcases.HomePageTest@2b552920]" name="setUp" is-config="true" duration-ms="23857" started-at="2020-04-18T09:41:47 IST" finished-at="2020-04-18T09:42:11 IST">
          <reporter-output>
          </reporter-output>
        </test-method> <!-- setUp -->
        <test-method status="PASS" signature="clickOnCalenderPageLink()[pri:4, instance:com.qa.testcases.HomePageTest@2b552920]" name="clickOnCalenderPageLink" duration-ms="2536" started-at="2020-04-18T09:42:11 IST" finished-at="2020-04-18T09:42:14 IST">
          <reporter-output>
          </reporter-output>
        </test-method> <!-- clickOnCalenderPageLink -->
        <test-method status="PASS" signature="tearDown()[pri:0, instance:com.qa.testcases.HomePageTest@2b552920]" name="tearDown" is-config="true" duration-ms="1025" started-at="2020-04-18T09:42:14 IST" finished-at="2020-04-18T09:42:15 IST">
          <reporter-output>
          </reporter-output>
        </test-method> <!-- tearDown -->
        <test-method status="PASS" signature="setUp()[pri:0, instance:com.qa.testcases.HomePageTest@2b552920]" name="setUp" is-config="true" duration-ms="27288" started-at="2020-04-18T09:42:15 IST" finished-at="2020-04-18T09:42:42 IST">
          <reporter-output>
          </reporter-output>
        </test-method> <!-- setUp -->
        <test-method status="PASS" signature="clickOnTasksPageLink()[pri:5, instance:com.qa.testcases.HomePageTest@2b552920]" name="clickOnTasksPageLink" duration-ms="2383" started-at="2020-04-18T09:42:42 IST" finished-at="2020-04-18T09:42:44 IST">
          <reporter-output>
          </reporter-output>
        </test-method> <!-- clickOnTasksPageLink -->
        <test-method status="PASS" signature="tearDown()[pri:0, instance:com.qa.testcases.HomePageTest@2b552920]" name="tearDown" is-config="true" duration-ms="887" started-at="2020-04-18T09:42:44 IST" finished-at="2020-04-18T09:42:45 IST">
          <reporter-output>
          </reporter-output>
        </test-method> <!-- tearDown -->
        <test-method status="PASS" signature="setUp()[pri:0, instance:com.qa.testcases.HomePageTest@2b552920]" name="setUp" is-config="true" duration-ms="25172" started-at="2020-04-18T09:42:45 IST" finished-at="2020-04-18T09:43:10 IST">
          <reporter-output>
          </reporter-output>
        </test-method> <!-- setUp -->
        <test-method status="PASS" signature="clickOnCasesPageLink()[pri:6, instance:com.qa.testcases.HomePageTest@2b552920]" name="clickOnCasesPageLink" duration-ms="2558" started-at="2020-04-18T09:43:10 IST" finished-at="2020-04-18T09:43:13 IST">
          <reporter-output>
          </reporter-output>
        </test-method> <!-- clickOnCasesPageLink -->
        <test-method status="PASS" signature="tearDown()[pri:0, instance:com.qa.testcases.HomePageTest@2b552920]" name="tearDown" is-config="true" duration-ms="959" started-at="2020-04-18T09:43:13 IST" finished-at="2020-04-18T09:43:14 IST">
          <reporter-output>
          </reporter-output>
        </test-method> <!-- tearDown -->
        <test-method status="PASS" signature="setUp()[pri:0, instance:com.qa.testcases.HomePageTest@2b552920]" name="setUp" is-config="true" duration-ms="25246" started-at="2020-04-18T09:43:14 IST" finished-at="2020-04-18T09:43:39 IST">
          <reporter-output>
          </reporter-output>
        </test-method> <!-- setUp -->
        <test-method status="PASS" signature="verifyuserNameLabelTest()[pri:7, instance:com.qa.testcases.HomePageTest@2b552920]" name="verifyuserNameLabelTest" duration-ms="2969" started-at="2020-04-18T09:43:39 IST" finished-at="2020-04-18T09:43:42 IST">
          <reporter-output>
          </reporter-output>
        </test-method> <!-- verifyuserNameLabelTest -->
        <test-method status="PASS" signature="tearDown()[pri:0, instance:com.qa.testcases.HomePageTest@2b552920]" name="tearDown" is-config="true" duration-ms="994" started-at="2020-04-18T09:43:42 IST" finished-at="2020-04-18T09:43:43 IST">
          <reporter-output>
          </reporter-output>
        </test-method> <!-- tearDown -->
      </class> <!-- com.qa.testcases.HomePageTest -->
      <class name="com.qa.testcases.LoginPageTest">
        <test-method status="PASS" signature="setUp()[pri:0, instance:com.qa.testcases.LoginPageTest@2758fe70]" name="setUp" is-config="true" duration-ms="16718" started-at="2020-04-18T09:43:43 IST" finished-at="2020-04-18T09:44:00 IST">
          <reporter-output>
          </reporter-output>
        </test-method> <!-- setUp -->
        <test-method status="PASS" signature="loginPageTitleTest()[pri:1, instance:com.qa.testcases.LoginPageTest@2758fe70]" name="loginPageTitleTest" duration-ms="454" started-at="2020-04-18T09:44:00 IST" finished-at="2020-04-18T09:44:00 IST">
          <reporter-output>
          </reporter-output>
        </test-method> <!-- loginPageTitleTest -->
        <test-method status="PASS" signature="tearDown()[pri:0, instance:com.qa.testcases.LoginPageTest@2758fe70]" name="tearDown" is-config="true" duration-ms="953" started-at="2020-04-18T09:44:00 IST" finished-at="2020-04-18T09:44:01 IST">
          <reporter-output>
          </reporter-output>
        </test-method> <!-- tearDown -->
        <test-method status="PASS" signature="setUp()[pri:0, instance:com.qa.testcases.LoginPageTest@2758fe70]" name="setUp" is-config="true" duration-ms="16644" started-at="2020-04-18T09:44:01 IST" finished-at="2020-04-18T09:44:18 IST">
          <reporter-output>
          </reporter-output>
        </test-method> <!-- setUp -->
        <test-method status="PASS" signature="loginTest()[pri:2, instance:com.qa.testcases.LoginPageTest@2758fe70]" name="loginTest" duration-ms="13204" started-at="2020-04-18T09:44:18 IST" finished-at="2020-04-18T09:44:31 IST">
          <reporter-output>
          </reporter-output>
        </test-method> <!-- loginTest -->
        <test-method status="PASS" signature="tearDown()[pri:0, instance:com.qa.testcases.LoginPageTest@2758fe70]" name="tearDown" is-config="true" duration-ms="948" started-at="2020-04-18T09:44:31 IST" finished-at="2020-04-18T09:44:32 IST">
          <reporter-output>
          </reporter-output>
        </test-method> <!-- tearDown -->
        <test-method status="PASS" signature="setUp()[pri:0, instance:com.qa.testcases.LoginPageTest@2758fe70]" name="setUp" is-config="true" duration-ms="14309" started-at="2020-04-18T09:44:32 IST" finished-at="2020-04-18T09:44:46 IST">
          <reporter-output>
          </reporter-output>
        </test-method> <!-- setUp -->
        <test-method status="PASS" signature="signUpPageTest()[pri:3, instance:com.qa.testcases.LoginPageTest@2758fe70]" name="signUpPageTest" duration-ms="3162" started-at="2020-04-18T09:44:46 IST" finished-at="2020-04-18T09:44:49 IST">
          <reporter-output>
          </reporter-output>
        </test-method> <!-- signUpPageTest -->
        <test-method status="PASS" signature="tearDown()[pri:0, instance:com.qa.testcases.LoginPageTest@2758fe70]" name="tearDown" is-config="true" duration-ms="994" started-at="2020-04-18T09:44:49 IST" finished-at="2020-04-18T09:44:50 IST">
          <reporter-output>
          </reporter-output>
        </test-method> <!-- tearDown -->
      </class> <!-- com.qa.testcases.LoginPageTest -->
    </test> <!-- Surefire test -->
  </suite> <!-- Surefire suite -->
</testng-results>
