<?xml version="1.0" encoding="UTF-8"?>
<testng-results skipped="0" failed="0" ignored="0" total="13" passed="13">
  <reporter-output>
  </reporter-output>
  <suite name="Surefire suite" duration-ms="462901" started-at="2020-04-19T10:09:03 IST" finished-at="2020-04-19T10:16:46 IST">
    <groups>
    </groups>
    <test name="Surefire test" duration-ms="462901" started-at="2020-04-19T10:09:03 IST" finished-at="2020-04-19T10:16:46 IST">
      <class name="com.qa.testcases.ContactsPageTest">
        <test-method status="PASS" signature="setUp()[pri:0, instance:com.qa.testcases.ContactsPageTest@627551fb]" name="setUp" is-config="true" duration-ms="75837" started-at="2020-04-19T10:09:04 IST" finished-at="2020-04-19T10:10:19 IST">
          <reporter-output>
          </reporter-output>
        </test-method> <!-- setUp -->
        <test-method status="PASS" signature="verifyNewContactLabelTest()[pri:1, instance:com.qa.testcases.ContactsPageTest@627551fb]" name="verifyNewContactLabelTest" duration-ms="406" started-at="2020-04-19T10:10:19 IST" finished-at="2020-04-19T10:10:20 IST">
          <reporter-output>
          </reporter-output>
        </test-method> <!-- verifyNewContactLabelTest -->
        <test-method status="PASS" signature="tearDown()[pri:0, instance:com.qa.testcases.ContactsPageTest@627551fb]" name="tearDown" is-config="true" duration-ms="1880" started-at="2020-04-19T10:10:20 IST" finished-at="2020-04-19T10:10:22 IST">
          <reporter-output>
          </reporter-output>
        </test-method> <!-- tearDown -->
        <test-method status="PASS" signature="setUp()[pri:0, instance:com.qa.testcases.ContactsPageTest@627551fb]" name="setUp" is-config="true" duration-ms="29710" started-at="2020-04-19T10:10:22 IST" finished-at="2020-04-19T10:10:51 IST">
          <reporter-output>
          </reporter-output>
        </test-method> <!-- setUp -->
        <test-method status="PASS" signature="verifyclickOnNewContactLink()[pri:2, instance:com.qa.testcases.ContactsPageTest@627551fb]" name="verifyclickOnNewContactLink" duration-ms="198" started-at="2020-04-19T10:10:51 IST" finished-at="2020-04-19T10:10:52 IST">
          <reporter-output>
          </reporter-output>
        </test-method> <!-- verifyclickOnNewContactLink -->
        <test-method status="PASS" signature="tearDown()[pri:0, instance:com.qa.testcases.ContactsPageTest@627551fb]" name="tearDown" is-config="true" duration-ms="1327" started-at="2020-04-19T10:10:52 IST" finished-at="2020-04-19T10:10:53 IST">
          <reporter-output>
          </reporter-output>
        </test-method> <!-- tearDown -->
        <test-method status="PASS" signature="setUp()[pri:0, instance:com.qa.testcases.ContactsPageTest@627551fb]" name="setUp" is-config="true" duration-ms="43721" started-at="2020-04-19T10:10:53 IST" finished-at="2020-04-19T10:11:37 IST">
          <reporter-output>
          </reporter-output>
        </test-method> <!-- setUp -->
        <test-method status="PASS" signature="verifycreateNewContact()[pri:3, instance:com.qa.testcases.ContactsPageTest@627551fb]" name="verifycreateNewContact" duration-ms="3468" started-at="2020-04-19T10:11:37 IST" finished-at="2020-04-19T10:11:40 IST">
          <reporter-output>
          </reporter-output>
        </test-method> <!-- verifycreateNewContact -->
        <test-method status="PASS" signature="tearDown()[pri:0, instance:com.qa.testcases.ContactsPageTest@627551fb]" name="tearDown" is-config="true" duration-ms="2358" started-at="2020-04-19T10:11:40 IST" finished-at="2020-04-19T10:11:42 IST">
          <reporter-output>
          </reporter-output>
        </test-method> <!-- tearDown -->
      </class> <!-- com.qa.testcases.ContactsPageTest -->
      <class name="com.qa.testcases.HomePageTest">
        <test-method status="PASS" signature="setUp()[pri:0, instance:com.qa.testcases.HomePageTest@2b552920]" name="setUp" is-config="true" duration-ms="38418" started-at="2020-04-19T10:11:42 IST" finished-at="2020-04-19T10:12:21 IST">
          <reporter-output>
          </reporter-output>
        </test-method> <!-- setUp -->
        <test-method status="PASS" signature="verifyHomePageTitleTest()[pri:1, instance:com.qa.testcases.HomePageTest@2b552920]" name="verifyHomePageTitleTest" duration-ms="12" started-at="2020-04-19T10:12:21 IST" finished-at="2020-04-19T10:12:21 IST">
          <reporter-output>
          </reporter-output>
        </test-method> <!-- verifyHomePageTitleTest -->
        <test-method status="PASS" signature="tearDown()[pri:0, instance:com.qa.testcases.HomePageTest@2b552920]" name="tearDown" is-config="true" duration-ms="879" started-at="2020-04-19T10:12:21 IST" finished-at="2020-04-19T10:12:22 IST">
          <reporter-output>
          </reporter-output>
        </test-method> <!-- tearDown -->
        <test-method status="PASS" signature="setUp()[pri:0, instance:com.qa.testcases.HomePageTest@2b552920]" name="setUp" is-config="true" duration-ms="23460" started-at="2020-04-19T10:12:22 IST" finished-at="2020-04-19T10:12:45 IST">
          <reporter-output>
          </reporter-output>
        </test-method> <!-- setUp -->
        <test-method status="PASS" signature="clickOnDealsPageLinkTest()[pri:2, instance:com.qa.testcases.HomePageTest@2b552920]" name="clickOnDealsPageLinkTest" duration-ms="3099" started-at="2020-04-19T10:12:45 IST" finished-at="2020-04-19T10:12:48 IST">
          <reporter-output>
          </reporter-output>
        </test-method> <!-- clickOnDealsPageLinkTest -->
        <test-method status="PASS" signature="tearDown()[pri:0, instance:com.qa.testcases.HomePageTest@2b552920]" name="tearDown" is-config="true" duration-ms="1131" started-at="2020-04-19T10:12:48 IST" finished-at="2020-04-19T10:12:49 IST">
          <reporter-output>
          </reporter-output>
        </test-method> <!-- tearDown -->
        <test-method status="PASS" signature="setUp()[pri:0, instance:com.qa.testcases.HomePageTest@2b552920]" name="setUp" is-config="true" duration-ms="27448" started-at="2020-04-19T10:12:49 IST" finished-at="2020-04-19T10:13:17 IST">
          <reporter-output>
          </reporter-output>
        </test-method> <!-- setUp -->
        <test-method status="PASS" signature="clickOnContactsPageLinkTest()[pri:3, instance:com.qa.testcases.HomePageTest@2b552920]" name="clickOnContactsPageLinkTest" duration-ms="3351" started-at="2020-04-19T10:13:17 IST" finished-at="2020-04-19T10:13:20 IST">
          <reporter-output>
          </reporter-output>
        </test-method> <!-- clickOnContactsPageLinkTest -->
        <test-method status="PASS" signature="tearDown()[pri:0, instance:com.qa.testcases.HomePageTest@2b552920]" name="tearDown" is-config="true" duration-ms="1380" started-at="2020-04-19T10:13:20 IST" finished-at="2020-04-19T10:13:22 IST">
          <reporter-output>
          </reporter-output>
        </test-method> <!-- tearDown -->
        <test-method status="PASS" signature="setUp()[pri:0, instance:com.qa.testcases.HomePageTest@2b552920]" name="setUp" is-config="true" duration-ms="44674" started-at="2020-04-19T10:13:22 IST" finished-at="2020-04-19T10:14:06 IST">
          <reporter-output>
          </reporter-output>
        </test-method> <!-- setUp -->
        <test-method status="PASS" signature="clickOnCalenderPageLink()[pri:4, instance:com.qa.testcases.HomePageTest@2b552920]" name="clickOnCalenderPageLink" duration-ms="4793" started-at="2020-04-19T10:14:06 IST" finished-at="2020-04-19T10:14:11 IST">
          <reporter-output>
          </reporter-output>
        </test-method> <!-- clickOnCalenderPageLink -->
        <test-method status="PASS" signature="tearDown()[pri:0, instance:com.qa.testcases.HomePageTest@2b552920]" name="tearDown" is-config="true" duration-ms="2017" started-at="2020-04-19T10:14:11 IST" finished-at="2020-04-19T10:14:13 IST">
          <reporter-output>
          </reporter-output>
        </test-method> <!-- tearDown -->
        <test-method status="PASS" signature="setUp()[pri:0, instance:com.qa.testcases.HomePageTest@2b552920]" name="setUp" is-config="true" duration-ms="30858" started-at="2020-04-19T10:14:13 IST" finished-at="2020-04-19T10:14:44 IST">
          <reporter-output>
          </reporter-output>
        </test-method> <!-- setUp -->
        <test-method status="PASS" signature="clickOnTasksPageLink()[pri:5, instance:com.qa.testcases.HomePageTest@2b552920]" name="clickOnTasksPageLink" duration-ms="2654" started-at="2020-04-19T10:14:44 IST" finished-at="2020-04-19T10:14:47 IST">
          <reporter-output>
          </reporter-output>
        </test-method> <!-- clickOnTasksPageLink -->
        <test-method status="PASS" signature="tearDown()[pri:0, instance:com.qa.testcases.HomePageTest@2b552920]" name="tearDown" is-config="true" duration-ms="932" started-at="2020-04-19T10:14:47 IST" finished-at="2020-04-19T10:14:48 IST">
          <reporter-output>
          </reporter-output>
        </test-method> <!-- tearDown -->
        <test-method status="PASS" signature="setUp()[pri:0, instance:com.qa.testcases.HomePageTest@2b552920]" name="setUp" is-config="true" duration-ms="24485" started-at="2020-04-19T10:14:48 IST" finished-at="2020-04-19T10:15:12 IST">
          <reporter-output>
          </reporter-output>
        </test-method> <!-- setUp -->
        <test-method status="PASS" signature="clickOnCasesPageLink()[pri:6, instance:com.qa.testcases.HomePageTest@2b552920]" name="clickOnCasesPageLink" duration-ms="3141" started-at="2020-04-19T10:15:12 IST" finished-at="2020-04-19T10:15:15 IST">
          <reporter-output>
          </reporter-output>
        </test-method> <!-- clickOnCasesPageLink -->
        <test-method status="PASS" signature="tearDown()[pri:0, instance:com.qa.testcases.HomePageTest@2b552920]" name="tearDown" is-config="true" duration-ms="1197" started-at="2020-04-19T10:15:15 IST" finished-at="2020-04-19T10:15:16 IST">
          <reporter-output>
          </reporter-output>
        </test-method> <!-- tearDown -->
        <test-method status="PASS" signature="setUp()[pri:0, instance:com.qa.testcases.HomePageTest@2b552920]" name="setUp" is-config="true" duration-ms="25183" started-at="2020-04-19T10:15:16 IST" finished-at="2020-04-19T10:15:42 IST">
          <reporter-output>
          </reporter-output>
        </test-method> <!-- setUp -->
        <test-method status="PASS" signature="verifyuserNameLabelTest()[pri:7, instance:com.qa.testcases.HomePageTest@2b552920]" name="verifyuserNameLabelTest" duration-ms="2088" started-at="2020-04-19T10:15:42 IST" finished-at="2020-04-19T10:15:44 IST">
          <reporter-output>
          </reporter-output>
        </test-method> <!-- verifyuserNameLabelTest -->
        <test-method status="PASS" signature="tearDown()[pri:0, instance:com.qa.testcases.HomePageTest@2b552920]" name="tearDown" is-config="true" duration-ms="1236" started-at="2020-04-19T10:15:44 IST" finished-at="2020-04-19T10:15:45 IST">
          <reporter-output>
          </reporter-output>
        </test-method> <!-- tearDown -->
      </class> <!-- com.qa.testcases.HomePageTest -->
      <class name="com.qa.testcases.LoginPageTest">
        <test-method status="PASS" signature="setUp()[pri:0, instance:com.qa.testcases.LoginPageTest@2758fe70]" name="setUp" is-config="true" duration-ms="14188" started-at="2020-04-19T10:15:45 IST" finished-at="2020-04-19T10:15:59 IST">
          <reporter-output>
          </reporter-output>
        </test-method> <!-- setUp -->
        <test-method status="PASS" signature="loginPageTitleTest()[pri:1, instance:com.qa.testcases.LoginPageTest@2758fe70]" name="loginPageTitleTest" duration-ms="488" started-at="2020-04-19T10:15:59 IST" finished-at="2020-04-19T10:16:00 IST">
          <reporter-output>
          </reporter-output>
        </test-method> <!-- loginPageTitleTest -->
        <test-method status="PASS" signature="tearDown()[pri:0, instance:com.qa.testcases.LoginPageTest@2758fe70]" name="tearDown" is-config="true" duration-ms="828" started-at="2020-04-19T10:16:00 IST" finished-at="2020-04-19T10:16:00 IST">
          <reporter-output>
          </reporter-output>
        </test-method> <!-- tearDown -->
        <test-method status="PASS" signature="setUp()[pri:0, instance:com.qa.testcases.LoginPageTest@2758fe70]" name="setUp" is-config="true" duration-ms="13436" started-at="2020-04-19T10:16:00 IST" finished-at="2020-04-19T10:16:14 IST">
          <reporter-output>
          </reporter-output>
        </test-method> <!-- setUp -->
        <test-method status="PASS" signature="loginTest()[pri:2, instance:com.qa.testcases.LoginPageTest@2758fe70]" name="loginTest" duration-ms="11164" started-at="2020-04-19T10:16:14 IST" finished-at="2020-04-19T10:16:25 IST">
          <reporter-output>
          </reporter-output>
        </test-method> <!-- loginTest -->
        <test-method status="PASS" signature="tearDown()[pri:0, instance:com.qa.testcases.LoginPageTest@2758fe70]" name="tearDown" is-config="true" duration-ms="921" started-at="2020-04-19T10:16:25 IST" finished-at="2020-04-19T10:16:26 IST">
          <reporter-output>
          </reporter-output>
        </test-method> <!-- tearDown -->
        <test-method status="PASS" signature="setUp()[pri:0, instance:com.qa.testcases.LoginPageTest@2758fe70]" name="setUp" is-config="true" duration-ms="13527" started-at="2020-04-19T10:16:26 IST" finished-at="2020-04-19T10:16:39 IST">
          <reporter-output>
          </reporter-output>
        </test-method> <!-- setUp -->
        <test-method status="PASS" signature="signUpPageTest()[pri:3, instance:com.qa.testcases.LoginPageTest@2758fe70]" name="signUpPageTest" duration-ms="6012" started-at="2020-04-19T10:16:39 IST" finished-at="2020-04-19T10:16:45 IST">
          <reporter-output>
          </reporter-output>
        </test-method> <!-- signUpPageTest -->
        <test-method status="PASS" signature="tearDown()[pri:0, instance:com.qa.testcases.LoginPageTest@2758fe70]" name="tearDown" is-config="true" duration-ms="937" started-at="2020-04-19T10:16:45 IST" finished-at="2020-04-19T10:16:46 IST">
          <reporter-output>
          </reporter-output>
        </test-method> <!-- tearDown -->
      </class> <!-- com.qa.testcases.LoginPageTest -->
    </test> <!-- Surefire test -->
  </suite> <!-- Surefire suite -->
</testng-results>
