<?xml version="1.0" encoding="UTF-8"?>
<testng-results skipped="0" failed="0" ignored="0" total="3" passed="3">
  <reporter-output>
  </reporter-output>
  <suite name="Default suite" duration-ms="67982" started-at="2020-04-18T10:00:30 IST" finished-at="2020-04-18T10:01:38 IST">
    <groups>
    </groups>
    <test name="Default test" duration-ms="67982" started-at="2020-04-18T10:00:30 IST" finished-at="2020-04-18T10:01:38 IST">
      <class name="com.qa.testcases.LoginPageTest">
        <test-method status="PASS" signature="setUp()[pri:0, instance:com.qa.testcases.LoginPageTest@6b57696f]" name="setUp" is-config="true" duration-ms="17383" started-at="2020-04-18T10:00:30 IST" finished-at="2020-04-18T10:00:48 IST">
          <reporter-output>
          </reporter-output>
        </test-method> <!-- setUp -->
        <test-method status="PASS" signature="loginPageTitleTest()[pri:1, instance:com.qa.testcases.LoginPageTest@6b57696f]" name="loginPageTitleTest" duration-ms="525" started-at="2020-04-18T10:00:48 IST" finished-at="2020-04-18T10:00:48 IST">
          <reporter-output>
          </reporter-output>
        </test-method> <!-- loginPageTitleTest -->
        <test-method status="PASS" signature="tearDown()[pri:0, instance:com.qa.testcases.LoginPageTest@6b57696f]" name="tearDown" is-config="true" duration-ms="2217" started-at="2020-04-18T10:00:48 IST" finished-at="2020-04-18T10:00:50 IST">
          <reporter-output>
          </reporter-output>
        </test-method> <!-- tearDown -->
        <test-method status="PASS" signature="setUp()[pri:0, instance:com.qa.testcases.LoginPageTest@6b57696f]" name="setUp" is-config="true" duration-ms="16790" started-at="2020-04-18T10:00:50 IST" finished-at="2020-04-18T10:01:07 IST">
          <reporter-output>
          </reporter-output>
        </test-method> <!-- setUp -->
        <test-method status="PASS" signature="loginTest()[pri:2, instance:com.qa.testcases.LoginPageTest@6b57696f]" name="loginTest" duration-ms="9960" started-at="2020-04-18T10:01:07 IST" finished-at="2020-04-18T10:01:17 IST">
          <reporter-output>
          </reporter-output>
        </test-method> <!-- loginTest -->
        <test-method status="PASS" signature="tearDown()[pri:0, instance:com.qa.testcases.LoginPageTest@6b57696f]" name="tearDown" is-config="true" duration-ms="834" started-at="2020-04-18T10:01:17 IST" finished-at="2020-04-18T10:01:18 IST">
          <reporter-output>
          </reporter-output>
        </test-method> <!-- tearDown -->
        <test-method status="PASS" signature="setUp()[pri:0, instance:com.qa.testcases.LoginPageTest@6b57696f]" name="setUp" is-config="true" duration-ms="15239" started-at="2020-04-18T10:01:18 IST" finished-at="2020-04-18T10:01:33 IST">
          <reporter-output>
          </reporter-output>
        </test-method> <!-- setUp -->
        <test-method status="PASS" signature="signUpPageTest()[pri:3, instance:com.qa.testcases.LoginPageTest@6b57696f]" name="signUpPageTest" duration-ms="3615" started-at="2020-04-18T10:01:33 IST" finished-at="2020-04-18T10:01:37 IST">
          <reporter-output>
          </reporter-output>
        </test-method> <!-- signUpPageTest -->
        <test-method status="PASS" signature="tearDown()[pri:0, instance:com.qa.testcases.LoginPageTest@6b57696f]" name="tearDown" is-config="true" duration-ms="1280" started-at="2020-04-18T10:01:37 IST" finished-at="2020-04-18T10:01:38 IST">
          <reporter-output>
          </reporter-output>
        </test-method> <!-- tearDown -->
      </class> <!-- com.qa.testcases.LoginPageTest -->
    </test> <!-- Default test -->
  </suite> <!-- Default suite -->
</testng-results>
